-------------------------------------------------------------------------------
Test set: com.fulfilment.application.monolith.warehouses.domain.usecases.ArchiveWarehouseUseCaseTest
-------------------------------------------------------------------------------
Tests run: 4, Failures: 1, Errors: 0, Skipped: 0, Time elapsed: 0.246 s <<< FAILURE! -- in com.fulfilment.application.monolith.warehouses.domain.usecases.ArchiveWarehouseUseCaseTest
com.fulfilment.application.monolith.warehouses.domain.usecases.ArchiveWarehouseUseCaseTest.testConcurrentArchiveAndStockUpdateCausesOptimisticLockException -- Time elapsed: 0.027 s <<< FAILURE!
org.opentest4j.AssertionFailedError: Expected either both changes to be applied properly OR an exception to be thrown. Instead, a lost update occurred: archivedAt=null, stock=75 ==> expected: <true> but was: <false>
	at org.junit.jupiter.api.AssertionFailureBuilder.build(AssertionFailureBuilder.java:151)
	at org.junit.jupiter.api.AssertionFailureBuilder.buildAndThrow(AssertionFailureBuilder.java:132)
	at org.junit.jupiter.api.AssertTrue.failNotTrue(AssertTrue.java:63)
	at org.junit.jupiter.api.AssertTrue.assertTrue(AssertTrue.java:36)
	at org.junit.jupiter.api.Assertions.assertTrue(Assertions.java:214)
	at com.fulfilment.application.monolith.warehouses.domain.usecases.ArchiveWarehouseUseCaseTest.testConcurrentArchiveAndStockUpdateCausesOptimisticLockException(ArchiveWarehouseUseCaseTest.java:156)
	at java.base/java.lang.reflect.Method.invoke(Method.java:568)
	at io.quarkus.test.junit.QuarkusTestExtension.runExtensionMethod(QuarkusTestExtension.java:973)
	at io.quarkus.test.junit.QuarkusTestExtension.interceptTestMethod(QuarkusTestExtension.java:823)
	at java.base/java.util.ArrayList.forEach(ArrayList.java:1511)
	at java.base/java.util.ArrayList.forEach(ArrayList.java:1511)

